INFO: 2025/05/02 12:26:20 upload_controller.go:26: 开始处理图片上传
INFO: 2025/05/02 12:26:20 upload_controller.go:35: 接收到文件: 411e1fa3-8b94-4cf6-ac2d-8d454997b927.jpg, 大小: 442911 bytes
INFO: 2025/05/02 12:26:20 upload_controller.go:47: 生成的文件名: 9beff63d-a821-4dd8-a5f7-1a0320240e3c.jpg
INFO: 2025/05/02 12:26:20 upload_controller.go:57: 创建临时文件: C:\Users\87963\AppData\Local\Temp\upload-1947399968.jpg
INFO: 2025/05/02 12:26:20 upload_controller.go:68: 准备上传到OSS，Bucket: user-avatar-test
INFO: 2025/05/02 12:26:20 upload_controller.go:79: 开始上传文件到OSS，对象名: images/2025/05/02/9beff63d-a821-4dd8-a5f7-1a0320240e3c.jpg
INFO: 2025/05/02 12:26:21 upload_controller.go:90: 文件上传成功，访问URL: https://user-avatar-test.oss-cn-beijing.aliyuncs.com/images/2025/05/02/9beff63d-a821-4dd8-a5f7-1a0320240e3c.jpg
INFO: 2025/05/02 12:41:02 upload_controller.go:26: 开始处理图片上传
INFO: 2025/05/02 12:41:02 upload_controller.go:35: 接收到文件: 未命名的设计.jpg, 大小: 542719 bytes
INFO: 2025/05/02 12:41:02 upload_controller.go:47: 生成的文件名: fa670b9c-f7b3-405b-9993-aed8c0f02ffd.jpg
INFO: 2025/05/02 12:41:02 upload_controller.go:57: 创建临时文件: C:\Users\87963\AppData\Local\Temp\upload-1989146868.jpg
INFO: 2025/05/02 12:41:02 upload_controller.go:68: 准备上传到OSS，Bucket: user-avatar-test
INFO: 2025/05/02 12:41:02 upload_controller.go:79: 开始上传文件到OSS，对象名: images/2025/05/02/fa670b9c-f7b3-405b-9993-aed8c0f02ffd.jpg
INFO: 2025/05/02 12:41:02 upload_controller.go:90: 文件上传成功，访问URL: https://user-avatar-test.oss-cn-beijing.aliyuncs.com/images/2025/05/02/fa670b9c-f7b3-405b-9993-aed8c0f02ffd.jpg
INFO: 2025/05/02 12:41:05 guide_controller.go:102: 开始创建新攻略
INFO: 2025/05/02 12:41:05 guide_controller.go:132: 用户 2 开始创建攻略
INFO: 2025/05/02 12:41:05 guide_controller.go:140: 处理图片列表: ["https://user-avatar-test.oss-cn-beijing.aliyuncs.com/images/2025/05/02/fa670b9c-f7b3-405b-9993-aed8c0f02ffd.jpg"]
INFO: 2025/05/02 12:41:05 guide_controller.go:180: 攻略创建成功，ID: 9
INFO: 2025/05/02 12:44:42 upload_controller.go:26: 开始处理图片上传
INFO: 2025/05/02 12:44:42 upload_controller.go:35: 接收到文件: 未命名的设计.jpg, 大小: 542719 bytes
INFO: 2025/05/02 12:44:42 upload_controller.go:47: 生成的文件名: 20931459-cb05-45d8-8a5e-dd4eae1dd4b7.jpg
INFO: 2025/05/02 12:44:42 upload_controller.go:57: 创建临时文件: C:\Users\87963\AppData\Local\Temp\upload-736083021.jpg
INFO: 2025/05/02 12:44:42 upload_controller.go:68: 准备上传到OSS，Bucket: user-avatar-test
INFO: 2025/05/02 12:44:42 upload_controller.go:79: 开始上传文件到OSS，对象名: images/2025/05/02/20931459-cb05-45d8-8a5e-dd4eae1dd4b7.jpg
INFO: 2025/05/02 12:44:42 upload_controller.go:90: 文件上传成功，访问URL: https://user-avatar-test.oss-cn-beijing.aliyuncs.com/images/2025/05/02/20931459-cb05-45d8-8a5e-dd4eae1dd4b7.jpg
INFO: 2025/05/02 12:44:48 guide_controller.go:102: 开始创建新攻略
ERROR: 2025/05/02 12:44:48 guide_controller.go:127: 用户已被禁用，无法创建攻略
INFO: 2025/05/02 12:58:16 upload_controller.go:26: 开始处理图片上传
INFO: 2025/05/02 12:58:16 upload_controller.go:35: 接收到文件: 未命名的设计.jpg, 大小: 542719 bytes
INFO: 2025/05/02 12:58:16 upload_controller.go:47: 生成的文件名: 01d5051b-4f36-4d9b-96ed-fad3155b1516.jpg
INFO: 2025/05/02 12:58:16 upload_controller.go:57: 创建临时文件: C:\Users\87963\AppData\Local\Temp\upload-1952531644.jpg
INFO: 2025/05/02 12:58:16 upload_controller.go:68: 准备上传到OSS，Bucket: user-avatar-test
INFO: 2025/05/02 12:58:16 upload_controller.go:79: 开始上传文件到OSS，对象名: images/2025/05/02/01d5051b-4f36-4d9b-96ed-fad3155b1516.jpg
INFO: 2025/05/02 12:58:16 upload_controller.go:90: 文件上传成功，访问URL: https://user-avatar-test.oss-cn-beijing.aliyuncs.com/images/2025/05/02/01d5051b-4f36-4d9b-96ed-fad3155b1516.jpg
INFO: 2025/05/02 12:58:35 guide_controller.go:102: 开始创建新攻略
ERROR: 2025/05/02 12:58:35 guide_controller.go:127: 用户已被禁用，无法创建攻略
INFO: 2025/05/02 12:59:51 upload_controller.go:26: 开始处理图片上传
INFO: 2025/05/02 12:59:51 upload_controller.go:35: 接收到文件: 未命名的设计.jpg, 大小: 542719 bytes
INFO: 2025/05/02 12:59:51 upload_controller.go:47: 生成的文件名: c1006018-179b-4523-894a-3167793e7577.jpg
INFO: 2025/05/02 12:59:51 upload_controller.go:57: 创建临时文件: C:\Users\87963\AppData\Local\Temp\upload-1729622563.jpg
INFO: 2025/05/02 12:59:51 upload_controller.go:68: 准备上传到OSS，Bucket: user-avatar-test
INFO: 2025/05/02 12:59:51 upload_controller.go:79: 开始上传文件到OSS，对象名: images/2025/05/02/c1006018-179b-4523-894a-3167793e7577.jpg
INFO: 2025/05/02 12:59:51 upload_controller.go:90: 文件上传成功，访问URL: https://user-avatar-test.oss-cn-beijing.aliyuncs.com/images/2025/05/02/c1006018-179b-4523-894a-3167793e7577.jpg
INFO: 2025/05/02 12:59:54 guide_controller.go:102: 开始创建新攻略
ERROR: 2025/05/02 12:59:54 guide_controller.go:127: 用户已被禁用，无法创建攻略
INFO: 2025/05/02 13:00:19 upload_controller.go:26: 开始处理图片上传
INFO: 2025/05/02 13:00:19 upload_controller.go:35: 接收到文件: 未命名的设计.jpg, 大小: 542719 bytes
INFO: 2025/05/02 13:00:19 upload_controller.go:47: 生成的文件名: a6b12869-d561-4de8-b320-c5f3ad06452e.jpg
INFO: 2025/05/02 13:00:19 upload_controller.go:57: 创建临时文件: C:\Users\87963\AppData\Local\Temp\upload-168520105.jpg
INFO: 2025/05/02 13:00:19 upload_controller.go:68: 准备上传到OSS，Bucket: user-avatar-test
INFO: 2025/05/02 13:00:19 upload_controller.go:79: 开始上传文件到OSS，对象名: images/2025/05/02/a6b12869-d561-4de8-b320-c5f3ad06452e.jpg
INFO: 2025/05/02 13:00:19 upload_controller.go:90: 文件上传成功，访问URL: https://user-avatar-test.oss-cn-beijing.aliyuncs.com/images/2025/05/02/a6b12869-d561-4de8-b320-c5f3ad06452e.jpg
INFO: 2025/05/02 13:00:23 guide_controller.go:102: 开始创建新攻略
ERROR: 2025/05/02 13:00:23 guide_controller.go:127: 用户已被禁用，无法创建攻略
INFO: 2025/05/02 13:01:17 upload_controller.go:26: 开始处理图片上传
INFO: 2025/05/02 13:01:17 upload_controller.go:35: 接收到文件: 411e1fa3-8b94-4cf6-ac2d-8d454997b927.jpg, 大小: 442911 bytes
INFO: 2025/05/02 13:01:17 upload_controller.go:47: 生成的文件名: 1dc9a456-3ad9-4023-93eb-0926bf253b1a.jpg
INFO: 2025/05/02 13:01:17 upload_controller.go:57: 创建临时文件: C:\Users\87963\AppData\Local\Temp\upload-2062449552.jpg
INFO: 2025/05/02 13:01:17 upload_controller.go:68: 准备上传到OSS，Bucket: user-avatar-test
INFO: 2025/05/02 13:01:17 upload_controller.go:79: 开始上传文件到OSS，对象名: images/2025/05/02/1dc9a456-3ad9-4023-93eb-0926bf253b1a.jpg
INFO: 2025/05/02 13:01:17 upload_controller.go:90: 文件上传成功，访问URL: https://user-avatar-test.oss-cn-beijing.aliyuncs.com/images/2025/05/02/1dc9a456-3ad9-4023-93eb-0926bf253b1a.jpg
INFO: 2025/05/02 13:01:21 guide_controller.go:102: 开始创建新攻略
ERROR: 2025/05/02 13:01:21 guide_controller.go:127: 用户已被禁用，无法创建攻略
INFO: 2025/05/02 13:01:23 guide_controller.go:102: 开始创建新攻略
ERROR: 2025/05/02 13:01:23 guide_controller.go:127: 用户已被禁用，无法创建攻略
INFO: 2025/05/02 13:21:35 guide_controller.go:191: 搜索攻略 - 关键词: 123, 标签: 
INFO: 2025/05/02 13:21:35 guide_controller.go:214: 搜索完成，找到 4 条攻略
INFO: 2025/05/02 13:24:11 guide_controller.go:191: 搜索攻略 - 关键词: 123, 标签: 
INFO: 2025/05/02 13:24:11 guide_controller.go:214: 搜索完成，找到 4 条攻略
INFO: 2025/05/02 13:24:15 guide_controller.go:191: 搜索攻略 - 关键词: 123, 标签: 
INFO: 2025/05/02 13:24:15 guide_controller.go:214: 搜索完成，找到 4 条攻略
INFO: 2025/05/02 13:24:22 guide_controller.go:191: 搜索攻略 - 关键词: 123, 标签: 
INFO: 2025/05/02 13:24:22 guide_controller.go:214: 搜索完成，找到 4 条攻略
INFO: 2025/05/02 13:24:28 guide_controller.go:191: 搜索攻略 - 关键词: 123, 标签: 
INFO: 2025/05/02 13:24:28 guide_controller.go:214: 搜索完成，找到 4 条攻略
INFO: 2025/05/02 13:24:32 guide_controller.go:191: 搜索攻略 - 关键词: 123, 标签: 
INFO: 2025/05/02 13:24:32 guide_controller.go:214: 搜索完成，找到 4 条攻略
INFO: 2025/05/02 13:24:37 guide_controller.go:191: 搜索攻略 - 关键词: 123, 标签: 
INFO: 2025/05/02 13:24:37 guide_controller.go:214: 搜索完成，找到 4 条攻略
INFO: 2025/05/02 13:24:41 guide_controller.go:191: 搜索攻略 - 关键词: 123, 标签: 
INFO: 2025/05/02 13:24:41 guide_controller.go:214: 搜索完成，找到 4 条攻略
INFO: 2025/05/02 13:24:46 guide_controller.go:191: 搜索攻略 - 关键词: 123, 标签: 
INFO: 2025/05/02 13:24:46 guide_controller.go:214: 搜索完成，找到 4 条攻略
INFO: 2025/05/02 13:24:47 guide_controller.go:191: 搜索攻略 - 关键词: 123, 标签: 
INFO: 2025/05/02 13:24:47 guide_controller.go:214: 搜索完成，找到 4 条攻略
INFO: 2025/05/02 13:25:40 guide_controller.go:191: 搜索攻略 - 关键词: 123, 标签: 
INFO: 2025/05/02 13:25:40 guide_controller.go:214: 搜索完成，找到 4 条攻略
INFO: 2025/05/02 13:28:33 guide_controller.go:191: 搜索攻略 - 关键词: 请问, 标签: 
INFO: 2025/05/02 13:28:33 guide_controller.go:214: 搜索完成，找到 0 条攻略
INFO: 2025/05/02 13:29:06 guide_controller.go:191: 搜索攻略 - 关键词: 哈哈哈, 标签: 
INFO: 2025/05/02 13:29:06 guide_controller.go:214: 搜索完成，找到 1 条攻略
INFO: 2025/05/02 13:30:12 guide_controller.go:191: 搜索攻略 - 关键词: 哈哈哈, 标签: 
INFO: 2025/05/02 13:30:12 guide_controller.go:214: 搜索完成，找到 1 条攻略
INFO: 2025/05/02 13:30:34 guide_controller.go:191: 搜索攻略 - 关键词: 哈哈哈, 标签: 
INFO: 2025/05/02 13:30:34 guide_controller.go:214: 搜索完成，找到 1 条攻略
INFO: 2025/05/02 13:33:52 guide_controller.go:208: 搜索攻略 - 关键词: 哈哈哈, 标签: , 偏移: 0, 限制: 10
INFO: 2025/05/02 13:34:46 guide_controller.go:208: 搜索攻略 - 关键词: 请问, 标签: , 偏移: 0, 限制: 10
INFO: 2025/05/02 13:43:27 guide_controller.go:208: 搜索攻略 - 关键词: 请问, 标签: , 偏移: 0, 限制: 10
INFO: 2025/05/02 13:45:01 guide_controller.go:208: 搜索攻略 - 关键词: 请问, 标签: , 偏移: 0, 限制: 10
INFO: 2025/05/02 13:50:26 guide_controller.go:208: 搜索攻略 - 关键词: 请问, 标签: , 偏移: 0, 限制: 10
INFO: 2025/05/02 13:55:51 guide_controller.go:208: 搜索攻略 - 关键词: 请问, 标签: , 偏移: 0, 限制: 10
INFO: 2025/05/02 13:55:58 guide_controller.go:208: 搜索攻略 - 关键词: 请问, 标签: , 偏移: 0, 限制: 10
INFO: 2025/05/02 13:56:10 guide_controller.go:208: 搜索攻略 - 关键词: 请问, 标签: , 偏移: 0, 限制: 10
INFO: 2025/05/02 13:58:33 guide_controller.go:208: 搜索攻略 - 关键词: 请问, 标签: , 偏移: 0, 限制: 10
INFO: 2025/05/02 13:59:31 guide_controller.go:208: 搜索攻略 - 关键词: 请问, 标签: , 偏移: 0, 限制: 10
INFO: 2025/05/02 14:00:15 guide_controller.go:208: 搜索攻略 - 关键词: 请问, 标签: , 偏移: 0, 限制: 10
INFO: 2025/05/02 14:00:15 guide_controller.go:208: 搜索攻略 - 关键词: 请问, 标签: , 偏移: 0, 限制: 10
INFO: 2025/05/02 14:00:19 guide_controller.go:208: 搜索攻略 - 关键词: 请问, 标签: , 偏移: 0, 限制: 10
INFO: 2025/05/02 14:00:19 guide_controller.go:208: 搜索攻略 - 关键词: 请问, 标签: , 偏移: 0, 限制: 10
INFO: 2025/05/02 14:00:19 guide_controller.go:208: 搜索攻略 - 关键词: 请问, 标签: , 偏移: 0, 限制: 10
INFO: 2025/05/02 14:00:19 guide_controller.go:208: 搜索攻略 - 关键词: 请问, 标签: , 偏移: 0, 限制: 10
INFO: 2025/05/02 14:00:19 guide_controller.go:208: 搜索攻略 - 关键词: 请问, 标签: , 偏移: 0, 限制: 10
INFO: 2025/05/02 14:00:22 guide_controller.go:208: 搜索攻略 - 关键词: 请问, 标签: , 偏移: 0, 限制: 10
INFO: 2025/05/02 14:00:22 guide_controller.go:208: 搜索攻略 - 关键词: 请问, 标签: , 偏移: 0, 限制: 10
INFO: 2025/05/02 14:00:25 guide_controller.go:208: 搜索攻略 - 关键词: 请问, 标签: , 偏移: 0, 限制: 10
INFO: 2025/05/02 14:01:12 guide_controller.go:208: 搜索攻略 - 关键词: 请问, 标签: , 偏移: 0, 限制: 10
INFO: 2025/05/02 14:01:12 guide_controller.go:208: 搜索攻略 - 关键词: 请问, 标签: , 偏移: 0, 限制: 10
INFO: 2025/05/02 14:01:13 guide_controller.go:208: 搜索攻略 - 关键词: 请问, 标签: , 偏移: 0, 限制: 10
INFO: 2025/05/02 14:01:13 guide_controller.go:208: 搜索攻略 - 关键词: 请问, 标签: , 偏移: 0, 限制: 10
INFO: 2025/05/02 14:01:14 guide_controller.go:208: 搜索攻略 - 关键词: 请问, 标签: , 偏移: 0, 限制: 10
INFO: 2025/05/02 14:01:14 guide_controller.go:208: 搜索攻略 - 关键词: 请问, 标签: , 偏移: 0, 限制: 10
INFO: 2025/05/02 14:01:23 guide_controller.go:208: 搜索攻略 - 关键词: 请问, 标签: , 偏移: 0, 限制: 10
INFO: 2025/05/02 14:01:23 guide_controller.go:208: 搜索攻略 - 关键词: 请问, 标签: , 偏移: 0, 限制: 10
INFO: 2025/05/02 14:01:24 guide_controller.go:208: 搜索攻略 - 关键词: 请问, 标签: , 偏移: 0, 限制: 10
INFO: 2025/05/02 14:01:24 guide_controller.go:208: 搜索攻略 - 关键词: 请问, 标签: , 偏移: 0, 限制: 10
INFO: 2025/05/02 14:01:27 guide_controller.go:208: 搜索攻略 - 关键词: 请问, 标签: 人文历史, 偏移: 0, 限制: 10
INFO: 2025/05/02 14:01:29 guide_controller.go:208: 搜索攻略 - 关键词: 请问, 标签: 其他, 偏移: 0, 限制: 10
INFO: 2025/05/02 14:02:38 guide_controller.go:208: 搜索攻略 - 关键词: 123, 标签: , 偏移: 0, 限制: 10
INFO: 2025/05/02 14:02:38 guide_controller.go:208: 搜索攻略 - 关键词: 123, 标签: , 偏移: 0, 限制: 10
INFO: 2025/05/02 14:02:58 guide_controller.go:208: 搜索攻略 - 关键词: 好哈, 标签: , 偏移: 0, 限制: 10
INFO: 2025/05/02 14:03:02 guide_controller.go:208: 搜索攻略 - 关键词: xxx, 标签: , 偏移: 0, 限制: 10
INFO: 2025/05/02 14:04:35 guide_controller.go:208: 搜索攻略 - 关键词: xxx, 标签: , 偏移: 0, 限制: 10
INFO: 2025/05/02 14:04:35 guide_controller.go:208: 搜索攻略 - 关键词: xxx, 标签: , 偏移: 0, 限制: 10
INFO: 2025/05/02 14:04:39 guide_controller.go:208: 搜索攻略 - 关键词: 请问, 标签: , 偏移: 0, 限制: 10
INFO: 2025/05/02 14:04:48 guide_controller.go:208: 搜索攻略 - 关键词: 请问, 标签: 人文历史, 偏移: 0, 限制: 10
INFO: 2025/05/02 14:04:50 guide_controller.go:208: 搜索攻略 - 关键词: 请问, 标签: 其他, 偏移: 0, 限制: 10
INFO: 2025/05/02 14:10:29 guide_controller.go:208: 搜索攻略 - 关键词: 请问, 标签: , 偏移: 0, 限制: 10
INFO: 2025/05/02 14:10:29 guide_controller.go:208: 搜索攻略 - 关键词: 请问, 标签: , 偏移: 0, 限制: 10
INFO: 2025/05/02 14:10:31 guide_controller.go:208: 搜索攻略 - 关键词: 请问, 标签: 人文历史, 偏移: 0, 限制: 10
INFO: 2025/05/02 14:10:33 guide_controller.go:208: 搜索攻略 - 关键词: 请问, 标签: 其他, 偏移: 0, 限制: 10
INFO: 2025/05/02 14:10:40 guide_controller.go:208: 搜索攻略 - 关键词: 请问, 标签: , 偏移: 0, 限制: 10
INFO: 2025/05/02 14:10:40 guide_controller.go:208: 搜索攻略 - 关键词: 请问, 标签: , 偏移: 0, 限制: 10
INFO: 2025/05/02 14:11:02 guide_controller.go:208: 搜索攻略 - 关键词: 请问, 标签: , 偏移: 0, 限制: 10
INFO: 2025/05/02 14:11:29 guide_controller.go:208: 搜索攻略 - 关键词: 请问, 标签: , 偏移: 0, 限制: 10
INFO: 2025/05/02 14:11:30 guide_controller.go:208: 搜索攻略 - 关键词: 请问, 标签: , 偏移: 0, 限制: 10
INFO: 2025/05/02 14:11:34 guide_controller.go:208: 搜索攻略 - 关键词: 123, 标签: , 偏移: 0, 限制: 10
INFO: 2025/05/02 14:13:32 guide_controller.go:208: 搜索攻略 - 关键词: 123, 标签: , 偏移: 0, 限制: 10
INFO: 2025/05/02 14:13:32 guide_controller.go:208: 搜索攻略 - 关键词: 123, 标签: , 偏移: 0, 限制: 10
INFO: 2025/05/02 14:13:33 guide_controller.go:208: 搜索攻略 - 关键词: 123, 标签: 美食, 偏移: 0, 限制: 10
INFO: 2025/05/02 14:13:48 guide_controller.go:208: 搜索攻略 - 关键词: 123, 标签: , 偏移: 0, 限制: 10
INFO: 2025/05/02 14:13:48 guide_controller.go:208: 搜索攻略 - 关键词: 123, 标签: , 偏移: 0, 限制: 10
INFO: 2025/05/02 14:13:51 guide_controller.go:208: 搜索攻略 - 关键词: 123, 标签: 美食, 偏移: 0, 限制: 10
INFO: 2025/05/02 14:13:52 guide_controller.go:208: 搜索攻略 - 关键词: 123, 标签: 亲子, 偏移: 0, 限制: 10
INFO: 2025/05/02 14:13:52 guide_controller.go:208: 搜索攻略 - 关键词: 123, 标签: 人文历史, 偏移: 0, 限制: 10
INFO: 2025/05/02 14:13:52 guide_controller.go:208: 搜索攻略 - 关键词: 123, 标签: 自然风光, 偏移: 0, 限制: 10
INFO: 2025/05/02 14:19:52 guide_controller.go:208: 搜索攻略 - 关键词: 123, 标签: , 偏移: 0, 限制: 10
INFO: 2025/05/02 14:19:52 guide_controller.go:208: 搜索攻略 - 关键词: 123, 标签: , 偏移: 0, 限制: 10
INFO: 2025/05/02 14:20:37 guide_controller.go:208: 搜索攻略 - 关键词: 123, 标签: , 偏移: 0, 限制: 10
INFO: 2025/05/02 14:21:15 guide_controller.go:208: 搜索攻略 - 关键词: 123, 标签: , 偏移: 0, 限制: 10
INFO: 2025/05/02 14:21:15 guide_controller.go:208: 搜索攻略 - 关键词: 123, 标签: , 偏移: 0, 限制: 10
INFO: 2025/05/02 14:21:43 guide_controller.go:208: 搜索攻略 - 关键词: 123, 标签: , 偏移: 0, 限制: 10
INFO: 2025/05/02 14:24:26 guide_controller.go:208: 搜索攻略 - 关键词: 123, 标签: , 偏移: 0, 限制: 10
INFO: 2025/05/02 14:24:26 guide_controller.go:208: 搜索攻略 - 关键词: 123, 标签: , 偏移: 0, 限制: 10
INFO: 2025/05/02 14:25:28 guide_controller.go:208: 搜索攻略 - 关键词: 123, 标签: , 偏移: 0, 限制: 10
INFO: 2025/05/02 14:25:46 guide_controller.go:208: 搜索攻略 - 关键词: 123, 标签: , 偏移: 0, 限制: 10
INFO: 2025/05/02 14:25:46 guide_controller.go:208: 搜索攻略 - 关键词: 123, 标签: , 偏移: 0, 限制: 10
INFO: 2025/05/02 14:26:43 guide_controller.go:208: 搜索攻略 - 关键词: 123, 标签: , 偏移: 0, 限制: 10
INFO: 2025/05/02 14:27:04 guide_controller.go:208: 搜索攻略 - 关键词: 123, 标签: , 偏移: 0, 限制: 10
INFO: 2025/05/02 14:27:04 guide_controller.go:208: 搜索攻略 - 关键词: 123, 标签: , 偏移: 0, 限制: 10
INFO: 2025/05/02 14:27:06 guide_controller.go:208: 搜索攻略 - 关键词: 123, 标签: 美食, 偏移: 0, 限制: 10
INFO: 2025/05/02 14:27:07 guide_controller.go:208: 搜索攻略 - 关键词: 123, 标签: 亲子, 偏移: 0, 限制: 10
INFO: 2025/05/02 14:27:10 guide_controller.go:208: 搜索攻略 - 关键词: 123, 标签: 人文历史, 偏移: 0, 限制: 10
INFO: 2025/05/02 14:27:11 guide_controller.go:208: 搜索攻略 - 关键词: 123, 标签: 自然风光, 偏移: 0, 限制: 10
INFO: 2025/05/02 14:32:35 guide_controller.go:208: 搜索攻略 - 关键词: 123, 标签: , 偏移: 0, 限制: 10
INFO: 2025/05/02 14:32:35 guide_controller.go:208: 搜索攻略 - 关键词: 123, 标签: , 偏移: 0, 限制: 10
INFO: 2025/05/02 14:33:16 guide_controller.go:208: 搜索攻略 - 关键词: 123, 标签: 美食, 偏移: 0, 限制: 10
INFO: 2025/05/02 14:33:17 guide_controller.go:208: 搜索攻略 - 关键词: 123, 标签: 亲子, 偏移: 0, 限制: 10
INFO: 2025/05/02 14:33:19 guide_controller.go:208: 搜索攻略 - 关键词: 123, 标签: 人文历史, 偏移: 0, 限制: 10
INFO: 2025/05/02 14:33:20 guide_controller.go:208: 搜索攻略 - 关键词: 123, 标签: 自然风光, 偏移: 0, 限制: 10
INFO: 2025/05/02 14:34:37 guide_controller.go:208: 搜索攻略 - 关键词: 123, 标签: , 偏移: 0, 限制: 10
INFO: 2025/05/02 14:34:37 guide_controller.go:208: 搜索攻略 - 关键词: 123, 标签: , 偏移: 0, 限制: 10
INFO: 2025/05/02 14:35:08 guide_controller.go:208: 搜索攻略 - 关键词: 123, 标签: , 偏移: 0, 限制: 10
INFO: 2025/05/02 14:35:08 guide_controller.go:208: 搜索攻略 - 关键词: 123, 标签: , 偏移: 0, 限制: 10
INFO: 2025/05/02 14:48:14 guide_controller.go:208: 搜索攻略 - 关键词: 123, 标签: , 偏移: 0, 限制: 10
INFO: 2025/05/02 14:48:14 guide_controller.go:208: 搜索攻略 - 关键词: 123, 标签: , 偏移: 0, 限制: 10
INFO: 2025/05/02 14:48:17 guide_controller.go:208: 搜索攻略 - 关键词: 123, 标签: 美食, 偏移: 0, 限制: 10
INFO: 2025/05/02 14:48:19 guide_controller.go:208: 搜索攻略 - 关键词: 123, 标签: 亲子, 偏移: 0, 限制: 10
INFO: 2025/05/02 14:48:20 guide_controller.go:208: 搜索攻略 - 关键词: 123, 标签: 人文历史, 偏移: 0, 限制: 10
INFO: 2025/05/02 14:48:22 guide_controller.go:208: 搜索攻略 - 关键词: 123, 标签: 自然风光, 偏移: 0, 限制: 10
INFO: 2025/05/02 14:49:02 guide_controller.go:208: 搜索攻略 - 关键词: 123, 标签: , 偏移: 0, 限制: 10
INFO: 2025/05/02 14:49:02 guide_controller.go:208: 搜索攻略 - 关键词: 123, 标签: , 偏移: 0, 限制: 10
INFO: 2025/05/02 14:49:07 guide_controller.go:208: 搜索攻略 - 关键词: 123, 标签: 美食, 偏移: 0, 限制: 10
INFO: 2025/05/02 14:49:09 guide_controller.go:208: 搜索攻略 - 关键词: 123, 标签: 亲子, 偏移: 0, 限制: 10
INFO: 2025/05/02 14:49:10 guide_controller.go:208: 搜索攻略 - 关键词: 123, 标签: 人文历史, 偏移: 0, 限制: 10
INFO: 2025/05/02 14:49:12 guide_controller.go:208: 搜索攻略 - 关键词: 123, 标签: 自然风光, 偏移: 0, 限制: 10
INFO: 2025/05/02 14:51:20 guide_controller.go:208: 搜索攻略 - 关键词: 123, 标签: , 偏移: 0, 限制: 10
INFO: 2025/05/02 14:51:20 guide_controller.go:208: 搜索攻略 - 关键词: 123, 标签: , 偏移: 0, 限制: 10
INFO: 2025/05/02 14:51:39 guide_controller.go:208: 搜索攻略 - 关键词: 123, 标签: , 偏移: 0, 限制: 10
INFO: 2025/05/02 14:51:39 guide_controller.go:208: 搜索攻略 - 关键词: 123, 标签: , 偏移: 0, 限制: 10
INFO: 2025/05/02 14:51:42 guide_controller.go:208: 搜索攻略 - 关键词: 123, 标签: , 偏移: 0, 限制: 10
INFO: 2025/05/02 14:51:42 guide_controller.go:208: 搜索攻略 - 关键词: 123, 标签: , 偏移: 0, 限制: 10
INFO: 2025/05/02 14:51:45 guide_controller.go:208: 搜索攻略 - 关键词: 123, 标签: , 偏移: 0, 限制: 10
INFO: 2025/05/02 14:51:45 guide_controller.go:208: 搜索攻略 - 关键词: 123, 标签: , 偏移: 0, 限制: 10
INFO: 2025/05/02 14:51:48 guide_controller.go:208: 搜索攻略 - 关键词: 123, 标签: 美食, 偏移: 0, 限制: 10
INFO: 2025/05/02 14:53:12 guide_controller.go:208: 搜索攻略 - 关键词: 123, 标签: , 偏移: 0, 限制: 10
INFO: 2025/05/02 14:53:12 guide_controller.go:208: 搜索攻略 - 关键词: 123, 标签: , 偏移: 0, 限制: 10
INFO: 2025/05/02 14:53:45 guide_controller.go:208: 搜索攻略 - 关键词: 123, 标签: , 偏移: 0, 限制: 10
INFO: 2025/05/02 14:53:45 guide_controller.go:208: 搜索攻略 - 关键词: 123, 标签: , 偏移: 0, 限制: 10
INFO: 2025/05/02 14:54:44 guide_controller.go:208: 搜索攻略 - 关键词: 123, 标签: , 偏移: 0, 限制: 10
INFO: 2025/05/02 14:54:44 guide_controller.go:208: 搜索攻略 - 关键词: 123, 标签: , 偏移: 0, 限制: 10
INFO: 2025/05/02 14:55:57 guide_controller.go:208: 搜索攻略 - 关键词: 123, 标签: , 偏移: 0, 限制: 10
INFO: 2025/05/02 14:55:58 guide_controller.go:208: 搜索攻略 - 关键词: 123, 标签: , 偏移: 0, 限制: 10
INFO: 2025/05/02 14:56:42 guide_controller.go:208: 搜索攻略 - 关键词: 123, 标签: , 偏移: 0, 限制: 10
INFO: 2025/05/02 14:56:42 guide_controller.go:208: 搜索攻略 - 关键词: 123, 标签: , 偏移: 0, 限制: 10
INFO: 2025/05/02 14:56:59 guide_controller.go:208: 搜索攻略 - 关键词: 123, 标签: , 偏移: 0, 限制: 10
INFO: 2025/05/02 14:56:59 guide_controller.go:208: 搜索攻略 - 关键词: 123, 标签: , 偏移: 0, 限制: 10
INFO: 2025/05/02 14:58:04 guide_controller.go:208: 搜索攻略 - 关键词: 123, 标签: , 偏移: 0, 限制: 10
INFO: 2025/05/02 14:58:04 guide_controller.go:208: 搜索攻略 - 关键词: 123, 标签: , 偏移: 0, 限制: 10
INFO: 2025/05/02 14:58:28 guide_controller.go:208: 搜索攻略 - 关键词: 123, 标签: , 偏移: 0, 限制: 10
INFO: 2025/05/02 14:58:28 guide_controller.go:208: 搜索攻略 - 关键词: 123, 标签: , 偏移: 0, 限制: 10
INFO: 2025/05/02 14:58:30 guide_controller.go:208: 搜索攻略 - 关键词: 123, 标签: 美食, 偏移: 0, 限制: 10
INFO: 2025/05/02 14:58:32 guide_controller.go:208: 搜索攻略 - 关键词: 123, 标签: 亲子, 偏移: 0, 限制: 10
INFO: 2025/05/02 14:58:33 guide_controller.go:208: 搜索攻略 - 关键词: 123, 标签: 人文历史, 偏移: 0, 限制: 10
INFO: 2025/05/02 14:58:35 guide_controller.go:208: 搜索攻略 - 关键词: 123, 标签: 自然风光, 偏移: 0, 限制: 10
INFO: 2025/05/02 15:10:43 guide_controller.go:208: 搜索攻略 - 关键词: 123, 标签: , 偏移: 0, 限制: 10
INFO: 2025/05/02 15:10:43 guide_controller.go:208: 搜索攻略 - 关键词: 123, 标签: , 偏移: 0, 限制: 10
INFO: 2025/05/02 15:10:46 guide_controller.go:208: 搜索攻略 - 关键词: 123, 标签: 美食, 偏移: 0, 限制: 10
INFO: 2025/05/02 15:10:47 guide_controller.go:208: 搜索攻略 - 关键词: 123, 标签: 亲子, 偏移: 0, 限制: 10
INFO: 2025/05/02 15:10:49 guide_controller.go:208: 搜索攻略 - 关键词: 123, 标签: 人文历史, 偏移: 0, 限制: 10
INFO: 2025/05/02 15:10:50 guide_controller.go:208: 搜索攻略 - 关键词: 123, 标签: 自然风光, 偏移: 0, 限制: 10
