INFO: 2025/04/30 00:25:54 upload_controller.go:25: 开始处理图片上传
INFO: 2025/04/30 00:25:54 upload_controller.go:34: 接收到文件: 未命名的设计.jpg, 大小: 542719 bytes
INFO: 2025/04/30 00:25:54 upload_controller.go:46: 生成的文件名: dd09fb2f-0f4a-47f9-988e-8d626c8189b8.jpg
INFO: 2025/04/30 00:25:54 upload_controller.go:56: 创建临时文件: C:\Users\87963\AppData\Local\Temp\upload-666388292.jpg
INFO: 2025/04/30 00:25:54 upload_controller.go:67: 准备上传到OSS，Bucket: user-avatar-test
INFO: 2025/04/30 00:25:54 upload_controller.go:78: 开始上传文件到OSS，对象名: images/2025/04/30/dd09fb2f-0f4a-47f9-988e-8d626c8189b8.jpg
INFO: 2025/04/30 00:25:54 upload_controller.go:89: 文件上传成功，访问URL: https://user-avatar-test.oss-cn-beijing.aliyuncs.com/images/2025/04/30/dd09fb2f-0f4a-47f9-988e-8d626c8189b8.jpg
INFO: 2025/04/30 00:26:00 upload_controller.go:25: 开始处理图片上传
INFO: 2025/04/30 00:26:00 upload_controller.go:34: 接收到文件: 411e1fa3-8b94-4cf6-ac2d-8d454997b927.jpg, 大小: 442911 bytes
INFO: 2025/04/30 00:26:00 upload_controller.go:46: 生成的文件名: 12bdf021-da5b-4b3c-a613-57a053736795.jpg
INFO: 2025/04/30 00:26:00 upload_controller.go:56: 创建临时文件: C:\Users\87963\AppData\Local\Temp\upload-2065058106.jpg
INFO: 2025/04/30 00:26:00 upload_controller.go:67: 准备上传到OSS，Bucket: user-avatar-test
INFO: 2025/04/30 00:26:00 upload_controller.go:78: 开始上传文件到OSS，对象名: images/2025/04/30/12bdf021-da5b-4b3c-a613-57a053736795.jpg
INFO: 2025/04/30 00:26:00 upload_controller.go:89: 文件上传成功，访问URL: https://user-avatar-test.oss-cn-beijing.aliyuncs.com/images/2025/04/30/12bdf021-da5b-4b3c-a613-57a053736795.jpg
INFO: 2025/04/30 00:41:02 upload_controller.go:25: 开始处理图片上传
INFO: 2025/04/30 00:41:02 upload_controller.go:34: 接收到文件: 未命名的设计.jpg, 大小: 542719 bytes
INFO: 2025/04/30 00:41:02 upload_controller.go:46: 生成的文件名: 47746905-5fdd-4383-b8d3-84064107ccbb.jpg
INFO: 2025/04/30 00:41:02 upload_controller.go:56: 创建临时文件: C:\Users\87963\AppData\Local\Temp\upload-3992912612.jpg
INFO: 2025/04/30 00:41:02 upload_controller.go:67: 准备上传到OSS，Bucket: user-avatar-test
INFO: 2025/04/30 00:41:02 upload_controller.go:78: 开始上传文件到OSS，对象名: images/2025/04/30/47746905-5fdd-4383-b8d3-84064107ccbb.jpg
INFO: 2025/04/30 00:41:02 upload_controller.go:89: 文件上传成功，访问URL: https://user-avatar-test.oss-cn-beijing.aliyuncs.com/images/2025/04/30/47746905-5fdd-4383-b8d3-84064107ccbb.jpg
INFO: 2025/04/30 00:44:39 upload_controller.go:25: 开始处理图片上传
INFO: 2025/04/30 00:44:39 upload_controller.go:34: 接收到文件: 未命名的设计.jpg, 大小: 542719 bytes
INFO: 2025/04/30 00:44:39 upload_controller.go:46: 生成的文件名: 7d03e164-a346-4196-a8f6-a48c9ba3c1e1.jpg
INFO: 2025/04/30 00:44:39 upload_controller.go:56: 创建临时文件: C:\Users\87963\AppData\Local\Temp\upload-4210099674.jpg
INFO: 2025/04/30 00:44:39 upload_controller.go:67: 准备上传到OSS，Bucket: user-avatar-test
INFO: 2025/04/30 00:44:39 upload_controller.go:78: 开始上传文件到OSS，对象名: images/2025/04/30/7d03e164-a346-4196-a8f6-a48c9ba3c1e1.jpg
INFO: 2025/04/30 00:44:39 upload_controller.go:89: 文件上传成功，访问URL: https://user-avatar-test.oss-cn-beijing.aliyuncs.com/images/2025/04/30/7d03e164-a346-4196-a8f6-a48c9ba3c1e1.jpg
INFO: 2025/04/30 00:48:42 upload_controller.go:25: 开始处理图片上传
INFO: 2025/04/30 00:48:42 upload_controller.go:34: 接收到文件: 未命名的设计.jpg, 大小: 542719 bytes
INFO: 2025/04/30 00:48:42 upload_controller.go:46: 生成的文件名: 8ceb6721-61f6-4a90-b132-59dc99260026.jpg
INFO: 2025/04/30 00:48:42 upload_controller.go:56: 创建临时文件: C:\Users\87963\AppData\Local\Temp\upload-4266701197.jpg
INFO: 2025/04/30 00:48:42 upload_controller.go:67: 准备上传到OSS，Bucket: user-avatar-test
INFO: 2025/04/30 00:48:42 upload_controller.go:78: 开始上传文件到OSS，对象名: images/2025/04/30/8ceb6721-61f6-4a90-b132-59dc99260026.jpg
INFO: 2025/04/30 00:48:42 upload_controller.go:89: 文件上传成功，访问URL: https://user-avatar-test.oss-cn-beijing.aliyuncs.com/images/2025/04/30/8ceb6721-61f6-4a90-b132-59dc99260026.jpg
INFO: 2025/04/30 00:48:57 guide_controller.go:32: 开始创建新攻略
INFO: 2025/04/30 00:48:57 guide_controller.go:47: 用户 1 开始创建攻略
INFO: 2025/04/30 00:48:57 guide_controller.go:55: 处理图片列表: ["https://user-avatar-test.oss-cn-beijing.aliyuncs.com/images/2025/04/30/8ceb6721-61f6-4a90-b132-59dc99260026.jpg"]
INFO: 2025/04/30 00:48:57 guide_controller.go:81: 攻略创建成功，ID: 1
INFO: 2025/04/30 00:51:09 upload_controller.go:25: 开始处理图片上传
INFO: 2025/04/30 00:51:09 upload_controller.go:34: 接收到文件: 411e1fa3-8b94-4cf6-ac2d-8d454997b927.jpg, 大小: 442911 bytes
INFO: 2025/04/30 00:51:09 upload_controller.go:46: 生成的文件名: e700e668-8c50-40d0-8891-2ac593c9dc79.jpg
INFO: 2025/04/30 00:51:09 upload_controller.go:56: 创建临时文件: C:\Users\87963\AppData\Local\Temp\upload-1118452476.jpg
INFO: 2025/04/30 00:51:09 upload_controller.go:67: 准备上传到OSS，Bucket: user-avatar-test
INFO: 2025/04/30 00:51:09 upload_controller.go:78: 开始上传文件到OSS，对象名: images/2025/04/30/e700e668-8c50-40d0-8891-2ac593c9dc79.jpg
INFO: 2025/04/30 00:51:09 upload_controller.go:89: 文件上传成功，访问URL: https://user-avatar-test.oss-cn-beijing.aliyuncs.com/images/2025/04/30/e700e668-8c50-40d0-8891-2ac593c9dc79.jpg
INFO: 2025/04/30 00:51:14 guide_controller.go:32: 开始创建新攻略
INFO: 2025/04/30 00:51:14 guide_controller.go:47: 用户 1 开始创建攻略
INFO: 2025/04/30 00:51:14 guide_controller.go:55: 处理图片列表: ["https://user-avatar-test.oss-cn-beijing.aliyuncs.com/images/2025/04/30/e700e668-8c50-40d0-8891-2ac593c9dc79.jpg"]
ERROR: 2025/04/30 00:51:14 guide_controller.go:76: 保存攻略失败: Error 1061 (42000): Duplicate key name 'idx_ft_title_content'
INFO: 2025/04/30 00:53:58 guide_controller.go:32: 开始创建新攻略
INFO: 2025/04/30 00:53:58 guide_controller.go:47: 用户 1 开始创建攻略
INFO: 2025/04/30 00:53:58 guide_controller.go:55: 处理图片列表: ["https://user-avatar-test.oss-cn-beijing.aliyuncs.com/images/2025/04/30/e700e668-8c50-40d0-8891-2ac593c9dc79.jpg"]
INFO: 2025/04/30 00:53:58 guide_controller.go:81: 攻略创建成功，ID: 3
INFO: 2025/04/30 01:05:34 upload_controller.go:25: 开始处理图片上传
INFO: 2025/04/30 01:05:34 upload_controller.go:34: 接收到文件: 411e1fa3-8b94-4cf6-ac2d-8d454997b927.jpg, 大小: 442911 bytes
INFO: 2025/04/30 01:05:34 upload_controller.go:46: 生成的文件名: 0b218227-0a21-40d3-9bf4-b854903f6406.jpg
INFO: 2025/04/30 01:05:34 upload_controller.go:56: 创建临时文件: C:\Users\87963\AppData\Local\Temp\upload-4190317675.jpg
INFO: 2025/04/30 01:05:34 upload_controller.go:67: 准备上传到OSS，Bucket: user-avatar-test
INFO: 2025/04/30 01:05:34 upload_controller.go:78: 开始上传文件到OSS，对象名: images/2025/04/30/0b218227-0a21-40d3-9bf4-b854903f6406.jpg
INFO: 2025/04/30 01:05:35 upload_controller.go:89: 文件上传成功，访问URL: https://user-avatar-test.oss-cn-beijing.aliyuncs.com/images/2025/04/30/0b218227-0a21-40d3-9bf4-b854903f6406.jpg
INFO: 2025/04/30 01:05:43 guide_controller.go:130: 开始创建新攻略
INFO: 2025/04/30 01:05:43 guide_controller.go:145: 用户 1 开始创建攻略
INFO: 2025/04/30 01:05:43 guide_controller.go:153: 处理图片列表: ["https://user-avatar-test.oss-cn-beijing.aliyuncs.com/images/2025/04/30/0b218227-0a21-40d3-9bf4-b854903f6406.jpg"]
INFO: 2025/04/30 01:05:43 guide_controller.go:193: 攻略创建成功，ID: 4
INFO: 2025/04/30 21:41:59 guide_controller.go:201: 搜索攻略 - 关键词: , 标签: 
INFO: 2025/04/30 21:41:59 guide_controller.go:224: 搜索完成，找到 4 条攻略
INFO: 2025/04/30 21:46:57 guide_controller.go:201: 搜索攻略 - 关键词: , 标签: 
INFO: 2025/04/30 21:46:57 guide_controller.go:224: 搜索完成，找到 4 条攻略
INFO: 2025/04/30 21:47:04 guide_controller.go:201: 搜索攻略 - 关键词: , 标签: 
INFO: 2025/04/30 21:47:04 guide_controller.go:224: 搜索完成，找到 4 条攻略
INFO: 2025/04/30 21:47:10 guide_controller.go:201: 搜索攻略 - 关键词: , 标签: 
INFO: 2025/04/30 21:47:10 guide_controller.go:224: 搜索完成，找到 4 条攻略
INFO: 2025/04/30 21:47:19 guide_controller.go:201: 搜索攻略 - 关键词: , 标签: 
INFO: 2025/04/30 21:47:19 guide_controller.go:224: 搜索完成，找到 4 条攻略
INFO: 2025/04/30 21:47:23 guide_controller.go:201: 搜索攻略 - 关键词: , 标签: 
INFO: 2025/04/30 21:47:23 guide_controller.go:224: 搜索完成，找到 4 条攻略
INFO: 2025/04/30 21:47:37 guide_controller.go:201: 搜索攻略 - 关键词: , 标签: 
INFO: 2025/04/30 21:47:37 guide_controller.go:224: 搜索完成，找到 4 条攻略
INFO: 2025/04/30 21:47:50 guide_controller.go:201: 搜索攻略 - 关键词: , 标签: 
INFO: 2025/04/30 21:47:50 guide_controller.go:224: 搜索完成，找到 4 条攻略
INFO: 2025/04/30 21:47:58 guide_controller.go:201: 搜索攻略 - 关键词: , 标签: 
INFO: 2025/04/30 21:47:58 guide_controller.go:224: 搜索完成，找到 4 条攻略
INFO: 2025/04/30 21:48:19 guide_controller.go:201: 搜索攻略 - 关键词: , 标签: 
INFO: 2025/04/30 21:48:19 guide_controller.go:224: 搜索完成，找到 4 条攻略
INFO: 2025/04/30 21:48:26 guide_controller.go:201: 搜索攻略 - 关键词: , 标签: 
INFO: 2025/04/30 21:48:26 guide_controller.go:224: 搜索完成，找到 4 条攻略
INFO: 2025/04/30 21:50:24 guide_controller.go:201: 搜索攻略 - 关键词: , 标签: 
INFO: 2025/04/30 21:50:24 guide_controller.go:224: 搜索完成，找到 4 条攻略
INFO: 2025/04/30 21:52:10 guide_controller.go:201: 搜索攻略 - 关键词: , 标签: 
INFO: 2025/04/30 21:52:10 guide_controller.go:224: 搜索完成，找到 4 条攻略
INFO: 2025/04/30 21:53:27 upload_controller.go:25: 开始处理图片上传
INFO: 2025/04/30 21:53:27 upload_controller.go:34: 接收到文件: 411e1fa3-8b94-4cf6-ac2d-8d454997b927.jpg, 大小: 442911 bytes
INFO: 2025/04/30 21:53:27 upload_controller.go:46: 生成的文件名: 34e73537-91b6-4d36-b598-5ae625c24592.jpg
INFO: 2025/04/30 21:53:27 upload_controller.go:56: 创建临时文件: C:\Users\87963\AppData\Local\Temp\upload-1387225808.jpg
INFO: 2025/04/30 21:53:27 upload_controller.go:67: 准备上传到OSS，Bucket: user-avatar-test
INFO: 2025/04/30 21:53:27 upload_controller.go:78: 开始上传文件到OSS，对象名: images/2025/04/30/34e73537-91b6-4d36-b598-5ae625c24592.jpg
INFO: 2025/04/30 21:53:27 upload_controller.go:89: 文件上传成功，访问URL: https://user-avatar-test.oss-cn-beijing.aliyuncs.com/images/2025/04/30/34e73537-91b6-4d36-b598-5ae625c24592.jpg
INFO: 2025/04/30 21:53:32 guide_controller.go:130: 开始创建新攻略
INFO: 2025/04/30 21:53:32 guide_controller.go:145: 用户 1 开始创建攻略
INFO: 2025/04/30 21:53:32 guide_controller.go:153: 处理图片列表: ["https://user-avatar-test.oss-cn-beijing.aliyuncs.com/images/2025/04/30/34e73537-91b6-4d36-b598-5ae625c24592.jpg"]
INFO: 2025/04/30 21:53:32 guide_controller.go:193: 攻略创建成功，ID: 5
INFO: 2025/04/30 21:53:32 guide_controller.go:201: 搜索攻略 - 关键词: , 标签: 
INFO: 2025/04/30 21:53:32 guide_controller.go:224: 搜索完成，找到 5 条攻略
INFO: 2025/04/30 21:54:36 upload_controller.go:25: 开始处理图片上传
INFO: 2025/04/30 21:54:36 upload_controller.go:34: 接收到文件: 未命名的设计.jpg, 大小: 542719 bytes
INFO: 2025/04/30 21:54:36 upload_controller.go:46: 生成的文件名: 0155c5b6-d3ee-4a5d-86f0-cc448b183765.jpg
INFO: 2025/04/30 21:54:36 upload_controller.go:56: 创建临时文件: C:\Users\87963\AppData\Local\Temp\upload-1316588346.jpg
INFO: 2025/04/30 21:54:36 upload_controller.go:67: 准备上传到OSS，Bucket: user-avatar-test
INFO: 2025/04/30 21:54:36 upload_controller.go:78: 开始上传文件到OSS，对象名: images/2025/04/30/0155c5b6-d3ee-4a5d-86f0-cc448b183765.jpg
INFO: 2025/04/30 21:54:36 upload_controller.go:89: 文件上传成功，访问URL: https://user-avatar-test.oss-cn-beijing.aliyuncs.com/images/2025/04/30/0155c5b6-d3ee-4a5d-86f0-cc448b183765.jpg
INFO: 2025/04/30 21:57:04 upload_controller.go:26: 开始处理图片上传
INFO: 2025/04/30 21:57:04 upload_controller.go:35: 接收到文件: 未命名的设计.jpg, 大小: 542719 bytes
INFO: 2025/04/30 21:57:04 upload_controller.go:47: 生成的文件名: 999d4e19-2c11-4334-acf5-2d7f760cdd8c.jpg
INFO: 2025/04/30 21:57:04 upload_controller.go:57: 创建临时文件: C:\Users\87963\AppData\Local\Temp\upload-651000290.jpg
INFO: 2025/04/30 21:57:04 upload_controller.go:68: 准备上传到OSS，Bucket: user-avatar-test
INFO: 2025/04/30 21:57:04 upload_controller.go:79: 开始上传文件到OSS，对象名: images/2025/04/30/999d4e19-2c11-4334-acf5-2d7f760cdd8c.jpg
INFO: 2025/04/30 21:57:04 upload_controller.go:90: 文件上传成功，访问URL: https://user-avatar-test.oss-cn-beijing.aliyuncs.com/images/2025/04/30/999d4e19-2c11-4334-acf5-2d7f760cdd8c.jpg
INFO: 2025/04/30 21:57:13 upload_controller.go:26: 开始处理图片上传
INFO: 2025/04/30 21:57:13 upload_controller.go:35: 接收到文件: 411e1fa3-8b94-4cf6-ac2d-8d454997b927.jpg, 大小: 442911 bytes
INFO: 2025/04/30 21:57:13 upload_controller.go:47: 生成的文件名: c44e922b-6ef6-4683-b4c7-200722a4b05a.jpg
INFO: 2025/04/30 21:57:13 upload_controller.go:57: 创建临时文件: C:\Users\87963\AppData\Local\Temp\upload-2132768860.jpg
INFO: 2025/04/30 21:57:13 upload_controller.go:68: 准备上传到OSS，Bucket: user-avatar-test
INFO: 2025/04/30 21:57:13 upload_controller.go:79: 开始上传文件到OSS，对象名: images/2025/04/30/c44e922b-6ef6-4683-b4c7-200722a4b05a.jpg
INFO: 2025/04/30 21:57:13 upload_controller.go:90: 文件上传成功，访问URL: https://user-avatar-test.oss-cn-beijing.aliyuncs.com/images/2025/04/30/c44e922b-6ef6-4683-b4c7-200722a4b05a.jpg
INFO: 2025/04/30 21:59:34 upload_controller.go:26: 开始处理图片上传
INFO: 2025/04/30 21:59:34 upload_controller.go:35: 接收到文件: 411e1fa3-8b94-4cf6-ac2d-8d454997b927.jpg, 大小: 442911 bytes
INFO: 2025/04/30 21:59:34 upload_controller.go:47: 生成的文件名: 66597c47-3149-41cd-9697-358ae97aae6f.jpg
INFO: 2025/04/30 21:59:34 upload_controller.go:57: 创建临时文件: C:\Users\87963\AppData\Local\Temp\upload-3158042617.jpg
INFO: 2025/04/30 21:59:34 upload_controller.go:68: 准备上传到OSS，Bucket: user-avatar-test
INFO: 2025/04/30 21:59:34 upload_controller.go:79: 开始上传文件到OSS，对象名: images/2025/04/30/66597c47-3149-41cd-9697-358ae97aae6f.jpg
INFO: 2025/04/30 21:59:34 upload_controller.go:90: 文件上传成功，访问URL: https://user-avatar-test.oss-cn-beijing.aliyuncs.com/images/2025/04/30/66597c47-3149-41cd-9697-358ae97aae6f.jpg
INFO: 2025/04/30 21:59:44 guide_controller.go:131: 开始创建新攻略
INFO: 2025/04/30 21:59:44 guide_controller.go:146: 用户 1 开始创建攻略
INFO: 2025/04/30 21:59:44 guide_controller.go:154: 处理图片列表: ["https://user-avatar-test.oss-cn-beijing.aliyuncs.com/images/2025/04/30/66597c47-3149-41cd-9697-358ae97aae6f.jpg"]
INFO: 2025/04/30 21:59:44 guide_controller.go:194: 攻略创建成功，ID: 6
INFO: 2025/04/30 21:59:44 guide_controller.go:205: 搜索攻略 - 关键词: , 标签: 
INFO: 2025/04/30 21:59:44 guide_controller.go:228: 搜索完成，找到 6 条攻略
INFO: 2025/04/30 22:00:24 guide_controller.go:205: 搜索攻略 - 关键词: , 标签: 
INFO: 2025/04/30 22:00:24 guide_controller.go:228: 搜索完成，找到 6 条攻略
INFO: 2025/04/30 22:00:48 guide_controller.go:205: 搜索攻略 - 关键词: , 标签: 
INFO: 2025/04/30 22:00:48 guide_controller.go:228: 搜索完成，找到 6 条攻略
INFO: 2025/04/30 22:00:51 guide_controller.go:205: 搜索攻略 - 关键词: , 标签: 
INFO: 2025/04/30 22:00:51 guide_controller.go:228: 搜索完成，找到 6 条攻略
INFO: 2025/04/30 22:00:57 guide_controller.go:205: 搜索攻略 - 关键词: , 标签: 
INFO: 2025/04/30 22:00:57 guide_controller.go:228: 搜索完成，找到 6 条攻略
INFO: 2025/04/30 22:17:04 guide_controller.go:205: 搜索攻略 - 关键词: , 标签: 
INFO: 2025/04/30 22:17:04 guide_controller.go:228: 搜索完成，找到 6 条攻略
INFO: 2025/04/30 22:17:26 guide_controller.go:205: 搜索攻略 - 关键词: , 标签: 
INFO: 2025/04/30 22:17:26 guide_controller.go:228: 搜索完成，找到 6 条攻略
INFO: 2025/04/30 22:17:38 guide_controller.go:205: 搜索攻略 - 关键词: , 标签: 
INFO: 2025/04/30 22:17:38 guide_controller.go:228: 搜索完成，找到 6 条攻略
INFO: 2025/04/30 22:18:29 guide_controller.go:205: 搜索攻略 - 关键词: , 标签: 
INFO: 2025/04/30 22:18:29 guide_controller.go:228: 搜索完成，找到 6 条攻略
INFO: 2025/04/30 22:18:59 guide_controller.go:205: 搜索攻略 - 关键词: , 标签: 
INFO: 2025/04/30 22:18:59 guide_controller.go:228: 搜索完成，找到 6 条攻略
INFO: 2025/04/30 22:19:08 guide_controller.go:205: 搜索攻略 - 关键词: , 标签: 
INFO: 2025/04/30 22:19:08 guide_controller.go:228: 搜索完成，找到 6 条攻略
INFO: 2025/04/30 22:19:40 guide_controller.go:205: 搜索攻略 - 关键词: , 标签: 
INFO: 2025/04/30 22:19:40 guide_controller.go:228: 搜索完成，找到 6 条攻略
INFO: 2025/04/30 22:19:44 guide_controller.go:205: 搜索攻略 - 关键词: , 标签: 
INFO: 2025/04/30 22:19:44 guide_controller.go:228: 搜索完成，找到 6 条攻略
INFO: 2025/04/30 22:19:57 guide_controller.go:205: 搜索攻略 - 关键词: , 标签: 
INFO: 2025/04/30 22:19:57 guide_controller.go:228: 搜索完成，找到 6 条攻略
INFO: 2025/04/30 22:22:02 guide_controller.go:205: 搜索攻略 - 关键词: , 标签: 
INFO: 2025/04/30 22:22:02 guide_controller.go:228: 搜索完成，找到 6 条攻略
INFO: 2025/04/30 22:23:50 guide_controller.go:205: 搜索攻略 - 关键词: , 标签: 
INFO: 2025/04/30 22:23:50 guide_controller.go:228: 搜索完成，找到 6 条攻略
INFO: 2025/04/30 22:23:55 guide_controller.go:205: 搜索攻略 - 关键词: , 标签: 
INFO: 2025/04/30 22:23:55 guide_controller.go:228: 搜索完成，找到 6 条攻略
INFO: 2025/04/30 22:27:33 guide_controller.go:205: 搜索攻略 - 关键词: , 标签: 
INFO: 2025/04/30 22:27:33 guide_controller.go:228: 搜索完成，找到 6 条攻略
INFO: 2025/04/30 22:27:56 guide_controller.go:205: 搜索攻略 - 关键词: , 标签: 
INFO: 2025/04/30 22:27:56 guide_controller.go:228: 搜索完成，找到 6 条攻略
INFO: 2025/04/30 22:28:17 guide_controller.go:205: 搜索攻略 - 关键词: , 标签: 
INFO: 2025/04/30 22:28:17 guide_controller.go:228: 搜索完成，找到 6 条攻略
INFO: 2025/04/30 22:28:20 guide_controller.go:205: 搜索攻略 - 关键词: , 标签: 
INFO: 2025/04/30 22:28:20 guide_controller.go:228: 搜索完成，找到 6 条攻略
INFO: 2025/04/30 22:28:24 guide_controller.go:205: 搜索攻略 - 关键词: , 标签: 
INFO: 2025/04/30 22:28:24 guide_controller.go:228: 搜索完成，找到 6 条攻略
INFO: 2025/04/30 22:29:05 guide_controller.go:205: 搜索攻略 - 关键词: , 标签: 
INFO: 2025/04/30 22:29:05 guide_controller.go:228: 搜索完成，找到 6 条攻略
INFO: 2025/04/30 22:29:05 guide_controller.go:205: 搜索攻略 - 关键词: , 标签: 
INFO: 2025/04/30 22:29:05 guide_controller.go:228: 搜索完成，找到 6 条攻略
INFO: 2025/04/30 22:29:31 guide_controller.go:205: 搜索攻略 - 关键词: , 标签: 
INFO: 2025/04/30 22:29:31 guide_controller.go:228: 搜索完成，找到 6 条攻略
INFO: 2025/04/30 22:31:15 guide_controller.go:205: 搜索攻略 - 关键词: , 标签: 
INFO: 2025/04/30 22:31:15 guide_controller.go:228: 搜索完成，找到 6 条攻略
INFO: 2025/04/30 22:31:23 guide_controller.go:205: 搜索攻略 - 关键词: , 标签: 
INFO: 2025/04/30 22:31:23 guide_controller.go:228: 搜索完成，找到 6 条攻略
INFO: 2025/04/30 22:34:17 guide_controller.go:205: 搜索攻略 - 关键词: , 标签: 
INFO: 2025/04/30 22:34:17 guide_controller.go:228: 搜索完成，找到 6 条攻略
INFO: 2025/04/30 22:34:44 guide_controller.go:205: 搜索攻略 - 关键词: , 标签: 
INFO: 2025/04/30 22:34:44 guide_controller.go:228: 搜索完成，找到 6 条攻略
INFO: 2025/04/30 22:34:55 guide_controller.go:205: 搜索攻略 - 关键词: , 标签: 
INFO: 2025/04/30 22:34:55 guide_controller.go:228: 搜索完成，找到 6 条攻略
INFO: 2025/04/30 22:35:00 guide_controller.go:205: 搜索攻略 - 关键词: , 标签: 
INFO: 2025/04/30 22:35:00 guide_controller.go:228: 搜索完成，找到 6 条攻略
INFO: 2025/04/30 22:35:03 guide_controller.go:205: 搜索攻略 - 关键词: , 标签: 
INFO: 2025/04/30 22:35:03 guide_controller.go:228: 搜索完成，找到 6 条攻略
INFO: 2025/04/30 22:35:07 guide_controller.go:205: 搜索攻略 - 关键词: , 标签: 
INFO: 2025/04/30 22:35:07 guide_controller.go:228: 搜索完成，找到 6 条攻略
INFO: 2025/04/30 22:35:12 guide_controller.go:205: 搜索攻略 - 关键词: , 标签: 
INFO: 2025/04/30 22:35:12 guide_controller.go:228: 搜索完成，找到 6 条攻略
INFO: 2025/04/30 22:35:15 guide_controller.go:205: 搜索攻略 - 关键词: , 标签: 
INFO: 2025/04/30 22:35:15 guide_controller.go:228: 搜索完成，找到 6 条攻略
INFO: 2025/04/30 22:35:17 guide_controller.go:205: 搜索攻略 - 关键词: , 标签: 
INFO: 2025/04/30 22:35:17 guide_controller.go:228: 搜索完成，找到 6 条攻略
INFO: 2025/04/30 22:35:20 guide_controller.go:205: 搜索攻略 - 关键词: , 标签: 
INFO: 2025/04/30 22:35:20 guide_controller.go:228: 搜索完成，找到 6 条攻略
INFO: 2025/04/30 22:35:23 guide_controller.go:205: 搜索攻略 - 关键词: , 标签: 
INFO: 2025/04/30 22:35:23 guide_controller.go:228: 搜索完成，找到 6 条攻略
INFO: 2025/04/30 22:36:20 guide_controller.go:205: 搜索攻略 - 关键词: , 标签: 
INFO: 2025/04/30 22:36:20 guide_controller.go:228: 搜索完成，找到 6 条攻略
INFO: 2025/04/30 22:36:24 upload_controller.go:26: 开始处理图片上传
INFO: 2025/04/30 22:36:24 upload_controller.go:35: 接收到文件: 未命名的设计.jpg, 大小: 542719 bytes
INFO: 2025/04/30 22:36:24 upload_controller.go:47: 生成的文件名: 4db25fc6-9f0c-43f5-9910-cc3627390954.jpg
INFO: 2025/04/30 22:36:24 upload_controller.go:57: 创建临时文件: C:\Users\87963\AppData\Local\Temp\upload-3642533693.jpg
INFO: 2025/04/30 22:36:24 upload_controller.go:68: 准备上传到OSS，Bucket: user-avatar-test
INFO: 2025/04/30 22:36:24 upload_controller.go:79: 开始上传文件到OSS，对象名: images/2025/04/30/4db25fc6-9f0c-43f5-9910-cc3627390954.jpg
INFO: 2025/04/30 22:36:25 upload_controller.go:90: 文件上传成功，访问URL: https://user-avatar-test.oss-cn-beijing.aliyuncs.com/images/2025/04/30/4db25fc6-9f0c-43f5-9910-cc3627390954.jpg
INFO: 2025/04/30 22:36:28 guide_controller.go:131: 开始创建新攻略
INFO: 2025/04/30 22:36:28 guide_controller.go:146: 用户 1 开始创建攻略
INFO: 2025/04/30 22:36:28 guide_controller.go:154: 处理图片列表: ["https://user-avatar-test.oss-cn-beijing.aliyuncs.com/images/2025/04/30/4db25fc6-9f0c-43f5-9910-cc3627390954.jpg"]
INFO: 2025/04/30 22:36:28 guide_controller.go:194: 攻略创建成功，ID: 7
INFO: 2025/04/30 22:36:29 guide_controller.go:205: 搜索攻略 - 关键词: , 标签: 
INFO: 2025/04/30 22:36:29 guide_controller.go:228: 搜索完成，找到 7 条攻略
INFO: 2025/04/30 22:52:59 guide_controller.go:259: 获取攻略列表 - 标签: , 页码: 1, 每页数量: 10
INFO: 2025/04/30 22:52:59 guide_controller.go:294: 获取攻略列表成功，总数: 7, 当前页数据: 7
INFO: 2025/04/30 22:53:13 guide_controller.go:259: 获取攻略列表 - 标签: , 页码: 1, 每页数量: 10
INFO: 2025/04/30 22:53:13 guide_controller.go:294: 获取攻略列表成功，总数: 7, 当前页数据: 7
INFO: 2025/04/30 22:53:15 guide_controller.go:259: 获取攻略列表 - 标签: , 页码: 1, 每页数量: 10
INFO: 2025/04/30 22:53:15 guide_controller.go:294: 获取攻略列表成功，总数: 7, 当前页数据: 7
